<?xml version="1.0" encoding="UTF-8"?>
<!-- Generated by org.testng.reporters.JUnitReportReporter -->
<testsuite hostname="DESKTOP-KK89IFS" failures="0" tests="1" name="allmobilesandtablets_module.Insidemodule" time="10.300" errors="0" timestamp="2023-06-13T00:54:28 IST" skipped="0">
  <testcase classname="allmobilesandtablets_module.Insidemodule" name="mobiles_teblets" time="10.300"/>
  <system-out/>
</testsuite> <!-- allmobilesandtablets_module.Insidemodule -->
